
*** Running vivado
    with args -log top.vds -m64 -product Vivado -mode batch -messageDb vivado.pb -notrace -source top.tcl



****** Vivado v2025.2 (64-bit)
  **** SW Build 6299465 on Fri Nov 14 19:35:11 GMT 2025
  **** IP Build 6300035 on Fri Nov 14 10:48:45 MST 2025
  **** SharedData Build 6298862 on Thu Nov 13 04:50:51 MST 2025
  **** Start of session at: Thu Apr 16 18:37:16 2026
    ** Copyright 1986-2022 Xilinx, Inc. All Rights Reserved.
    ** Copyright 2022-2025 Advanced Micro Devices, Inc. All Rights Reserved.

source top.tcl -notrace
Command: read_checkpoint -auto_incremental -incremental C:/Users/270212/Documents/stopwatch/stopwatch.srcs/utils_1/imports/synth_1/top.dcp
INFO: [Vivado 12-5825] Read reference checkpoint from C:/Users/270212/Documents/stopwatch/stopwatch.srcs/utils_1/imports/synth_1/top.dcp for incremental synthesis
INFO: [Vivado 12-7989] Please ensure there are no constraint changes
Command: synth_design -top top -part xc7a50ticsg324-1L
Starting synth_design
Attempting to get a license for feature 'Synthesis' and/or device 'xc7a50ti'
INFO: [Common 17-349] Got license for feature 'Synthesis' and/or device 'xc7a50ti'
INFO: [Device 21-403] Loading part xc7a50ticsg324-1L
INFO: [Designutils 20-5440] No compile time benefit to using incremental synthesis; A full resynthesis will be run
INFO: [Designutils 20-4379] Flow is switching to default flow due to incremental criteria not met. If you would like to alter this behaviour and have the flow terminate instead, please set the following parameter config_implementation {autoIncr.Synth.RejectBehavior Terminate}
INFO: [Synth 8-7079] Multithreading enabled for synth_design using a maximum of 2 processes.
INFO: [Synth 8-7078] Launching helper process for spawning children vivado processes
INFO: [Synth 8-7075] Helper process launched with PID 11644
---------------------------------------------------------------------------------
Starting RTL Elaboration : Time (s): cpu = 00:00:04 ; elapsed = 00:00:04 . Memory (MB): peak = 1295.605 ; gain = 544.926
---------------------------------------------------------------------------------
INFO: [Synth 8-638] synthesizing module 'top' [C:/Users/270212/Documents/stopwatch/stopwatch.srcs/sources_1/imports/Downloads/top.vhd:56]
	Parameter CLK_FREQ_HZ bound to: 100000000 - type: integer 
	Parameter DEBOUNCE_MS bound to: 20 - type: integer 
INFO: [Synth 8-3491] module 'debouncer' declared at 'C:/Users/270212/Documents/stopwatch/stopwatch.srcs/sources_1/imports/Downloads/debouncer.vhd:9' bound to instance 'u_deb_l' of component 'debouncer' [C:/Users/270212/Documents/stopwatch/stopwatch.srcs/sources_1/imports/Downloads/top.vhd:219]
INFO: [Synth 8-638] synthesizing module 'debouncer' [C:/Users/270212/Documents/stopwatch/stopwatch.srcs/sources_1/imports/Downloads/debouncer.vhd:23]
	Parameter CLK_FREQ_HZ bound to: 100000000 - type: integer 
	Parameter DEBOUNCE_MS bound to: 20 - type: integer 
INFO: [Synth 8-256] done synthesizing module 'debouncer' (0#1) [C:/Users/270212/Documents/stopwatch/stopwatch.srcs/sources_1/imports/Downloads/debouncer.vhd:23]
	Parameter CLK_FREQ_HZ bound to: 100000000 - type: integer 
	Parameter DEBOUNCE_MS bound to: 20 - type: integer 
INFO: [Synth 8-3491] module 'debouncer' declared at 'C:/Users/270212/Documents/stopwatch/stopwatch.srcs/sources_1/imports/Downloads/debouncer.vhd:9' bound to instance 'u_deb_c' of component 'debouncer' [C:/Users/270212/Documents/stopwatch/stopwatch.srcs/sources_1/imports/Downloads/top.vhd:224]
	Parameter CLK_FREQ_HZ bound to: 100000000 - type: integer 
	Parameter DEBOUNCE_MS bound to: 20 - type: integer 
INFO: [Synth 8-3491] module 'debouncer' declared at 'C:/Users/270212/Documents/stopwatch/stopwatch.srcs/sources_1/imports/Downloads/debouncer.vhd:9' bound to instance 'u_deb_r' of component 'debouncer' [C:/Users/270212/Documents/stopwatch/stopwatch.srcs/sources_1/imports/Downloads/top.vhd:229]
	Parameter CLK_FREQ_HZ bound to: 100000000 - type: integer 
	Parameter DEBOUNCE_MS bound to: 20 - type: integer 
INFO: [Synth 8-3491] module 'debouncer' declared at 'C:/Users/270212/Documents/stopwatch/stopwatch.srcs/sources_1/imports/Downloads/debouncer.vhd:9' bound to instance 'u_deb_d' of component 'debouncer' [C:/Users/270212/Documents/stopwatch/stopwatch.srcs/sources_1/imports/Downloads/top.vhd:234]
	Parameter CLK_FREQ_HZ bound to: 100000000 - type: integer 
	Parameter DEBOUNCE_MS bound to: 5 - type: integer 
INFO: [Synth 8-3491] module 'debouncer' declared at 'C:/Users/270212/Documents/stopwatch/stopwatch.srcs/sources_1/imports/Downloads/debouncer.vhd:9' bound to instance 'u_deb_sw0' of component 'debouncer' [C:/Users/270212/Documents/stopwatch/stopwatch.srcs/sources_1/imports/Downloads/top.vhd:240]
INFO: [Synth 8-638] synthesizing module 'debouncer__parameterized2' [C:/Users/270212/Documents/stopwatch/stopwatch.srcs/sources_1/imports/Downloads/debouncer.vhd:23]
	Parameter CLK_FREQ_HZ bound to: 100000000 - type: integer 
	Parameter DEBOUNCE_MS bound to: 5 - type: integer 
INFO: [Synth 8-256] done synthesizing module 'debouncer__parameterized2' (0#1) [C:/Users/270212/Documents/stopwatch/stopwatch.srcs/sources_1/imports/Downloads/debouncer.vhd:23]
	Parameter CLK_FREQ_HZ bound to: 100000000 - type: integer 
	Parameter DEBOUNCE_MS bound to: 5 - type: integer 
INFO: [Synth 8-3491] module 'debouncer' declared at 'C:/Users/270212/Documents/stopwatch/stopwatch.srcs/sources_1/imports/Downloads/debouncer.vhd:9' bound to instance 'u_deb_sw1' of component 'debouncer' [C:/Users/270212/Documents/stopwatch/stopwatch.srcs/sources_1/imports/Downloads/top.vhd:245]
	Parameter CLK_FREQ_HZ bound to: 100000000 - type: integer 
	Parameter DEBOUNCE_MS bound to: 5 - type: integer 
INFO: [Synth 8-3491] module 'debouncer' declared at 'C:/Users/270212/Documents/stopwatch/stopwatch.srcs/sources_1/imports/Downloads/debouncer.vhd:9' bound to instance 'u_deb_sw2' of component 'debouncer' [C:/Users/270212/Documents/stopwatch/stopwatch.srcs/sources_1/imports/Downloads/top.vhd:250]
	Parameter CLK_FREQ_HZ bound to: 100000000 - type: integer 
	Parameter DEBOUNCE_MS bound to: 5 - type: integer 
INFO: [Synth 8-3491] module 'debouncer' declared at 'C:/Users/270212/Documents/stopwatch/stopwatch.srcs/sources_1/imports/Downloads/debouncer.vhd:9' bound to instance 'u_deb_sw3' of component 'debouncer' [C:/Users/270212/Documents/stopwatch/stopwatch.srcs/sources_1/imports/Downloads/top.vhd:255]
	Parameter CLK_FREQ_HZ bound to: 100000000 - type: integer 
	Parameter DEBOUNCE_MS bound to: 5 - type: integer 
INFO: [Synth 8-3491] module 'debouncer' declared at 'C:/Users/270212/Documents/stopwatch/stopwatch.srcs/sources_1/imports/Downloads/debouncer.vhd:9' bound to instance 'u_deb_sw4' of component 'debouncer' [C:/Users/270212/Documents/stopwatch/stopwatch.srcs/sources_1/imports/Downloads/top.vhd:260]
	Parameter CLK_FREQ_HZ bound to: 100000000 - type: integer 
INFO: [Synth 8-3491] module 'counter' declared at 'C:/Users/270212/Documents/stopwatch/stopwatch.srcs/sources_1/imports/Downloads/counter.vhd:12' bound to instance 'u_counter' of component 'counter' [C:/Users/270212/Documents/stopwatch/stopwatch.srcs/sources_1/imports/Downloads/top.vhd:268]
INFO: [Synth 8-638] synthesizing module 'counter' [C:/Users/270212/Documents/stopwatch/stopwatch.srcs/sources_1/imports/Downloads/counter.vhd:29]
	Parameter CLK_FREQ_HZ bound to: 100000000 - type: integer 
INFO: [Synth 8-256] done synthesizing module 'counter' (0#1) [C:/Users/270212/Documents/stopwatch/stopwatch.srcs/sources_1/imports/Downloads/counter.vhd:29]
INFO: [Synth 8-3491] module 'lap_memory' declared at 'C:/Users/270212/Documents/stopwatch/stopwatch.srcs/sources_1/imports/Downloads/lap_memory.vhd:11' bound to instance 'u_lap_mem' of component 'lap_memory' [C:/Users/270212/Documents/stopwatch/stopwatch.srcs/sources_1/imports/Downloads/top.vhd:285]
INFO: [Synth 8-638] synthesizing module 'lap_memory' [C:/Users/270212/Documents/stopwatch/stopwatch.srcs/sources_1/imports/Downloads/lap_memory.vhd:34]
INFO: [Synth 8-256] done synthesizing module 'lap_memory' (0#1) [C:/Users/270212/Documents/stopwatch/stopwatch.srcs/sources_1/imports/Downloads/lap_memory.vhd:34]
INFO: [Synth 8-3491] module 'stopwatch_ctrl' declared at 'C:/Users/270212/Documents/stopwatch/stopwatch.srcs/sources_1/imports/Downloads/stopwatch_ctrl.vhd:26' bound to instance 'u_ctrl' of component 'stopwatch_ctrl' [C:/Users/270212/Documents/stopwatch/stopwatch.srcs/sources_1/imports/Downloads/top.vhd:306]
INFO: [Synth 8-638] synthesizing module 'stopwatch_ctrl' [C:/Users/270212/Documents/stopwatch/stopwatch.srcs/sources_1/imports/Downloads/stopwatch_ctrl.vhd:63]
INFO: [Synth 8-256] done synthesizing module 'stopwatch_ctrl' (0#1) [C:/Users/270212/Documents/stopwatch/stopwatch.srcs/sources_1/imports/Downloads/stopwatch_ctrl.vhd:63]
	Parameter CLK_FREQ_HZ bound to: 100000000 - type: integer 
	Parameter MUX_FREQ_HZ bound to: 1000 - type: integer 
INFO: [Synth 8-3491] module 'seg7_display' declared at 'C:/Users/270212/Documents/stopwatch/stopwatch.srcs/sources_1/imports/Downloads/seg7_display.vhd:28' bound to instance 'u_display' of component 'seg7_display' [C:/Users/270212/Documents/stopwatch/stopwatch.srcs/sources_1/imports/Downloads/top.vhd:331]
INFO: [Synth 8-638] synthesizing module 'seg7_display' [C:/Users/270212/Documents/stopwatch/stopwatch.srcs/sources_1/imports/Downloads/seg7_display.vhd:60]
	Parameter CLK_FREQ_HZ bound to: 100000000 - type: integer 
	Parameter MUX_FREQ_HZ bound to: 1000 - type: integer 
INFO: [Synth 8-226] default block is never used [C:/Users/270212/Documents/stopwatch/stopwatch.srcs/sources_1/imports/Downloads/seg7_display.vhd:185]
INFO: [Synth 8-226] default block is never used [C:/Users/270212/Documents/stopwatch/stopwatch.srcs/sources_1/imports/Downloads/seg7_display.vhd:220]
INFO: [Synth 8-256] done synthesizing module 'seg7_display' (0#1) [C:/Users/270212/Documents/stopwatch/stopwatch.srcs/sources_1/imports/Downloads/seg7_display.vhd:60]
INFO: [Synth 8-256] done synthesizing module 'top' (0#1) [C:/Users/270212/Documents/stopwatch/stopwatch.srcs/sources_1/imports/Downloads/top.vhd:56]
WARNING: [Synth 8-3917] design top has port LED[15] driven by constant 0
WARNING: [Synth 8-3917] design top has port LED[14] driven by constant 0
WARNING: [Synth 8-3917] design top has port LED[13] driven by constant 0
WARNING: [Synth 8-3917] design top has port LED[12] driven by constant 0
WARNING: [Synth 8-3917] design top has port LED[11] driven by constant 0
WARNING: [Synth 8-3917] design top has port LED[10] driven by constant 0
WARNING: [Synth 8-3917] design top has port LED[9] driven by constant 0
WARNING: [Synth 8-3917] design top has port LED[8] driven by constant 0
WARNING: [Synth 8-3917] design top has port LED[7] driven by constant 0
WARNING: [Synth 8-3917] design top has port LED[6] driven by constant 0
WARNING: [Synth 8-3917] design top has port LED[5] driven by constant 0
WARNING: [Synth 8-7129] Port sw[4] in module stopwatch_ctrl is either unconnected or has no load
WARNING: [Synth 8-7129] Port sw[3] in module stopwatch_ctrl is either unconnected or has no load
WARNING: [Synth 8-7129] Port SW[15] in module top is either unconnected or has no load
WARNING: [Synth 8-7129] Port SW[14] in module top is either unconnected or has no load
WARNING: [Synth 8-7129] Port SW[13] in module top is either unconnected or has no load
WARNING: [Synth 8-7129] Port SW[12] in module top is either unconnected or has no load
WARNING: [Synth 8-7129] Port SW[11] in module top is either unconnected or has no load
WARNING: [Synth 8-7129] Port SW[10] in module top is either unconnected or has no load
WARNING: [Synth 8-7129] Port SW[9] in module top is either unconnected or has no load
WARNING: [Synth 8-7129] Port SW[8] in module top is either unconnected or has no load
WARNING: [Synth 8-7129] Port SW[7] in module top is either unconnected or has no load
WARNING: [Synth 8-7129] Port SW[6] in module top is either unconnected or has no load
WARNING: [Synth 8-7129] Port SW[5] in module top is either unconnected or has no load
---------------------------------------------------------------------------------
Finished RTL Elaboration : Time (s): cpu = 00:00:05 ; elapsed = 00:00:05 . Memory (MB): peak = 1416.895 ; gain = 666.215
---------------------------------------------------------------------------------
---------------------------------------------------------------------------------
Start Handling Custom Attributes
---------------------------------------------------------------------------------
---------------------------------------------------------------------------------
Finished Handling Custom Attributes : Time (s): cpu = 00:00:05 ; elapsed = 00:00:05 . Memory (MB): peak = 1416.895 ; gain = 666.215
---------------------------------------------------------------------------------
---------------------------------------------------------------------------------
Finished RTL Optimization Phase 1 : Time (s): cpu = 00:00:05 ; elapsed = 00:00:05 . Memory (MB): peak = 1416.895 ; gain = 666.215
---------------------------------------------------------------------------------
Netlist sorting complete. Time (s): cpu = 00:00:00 ; elapsed = 00:00:00.007 . Memory (MB): peak = 1416.895 ; gain = 0.000
INFO: [Project 1-570] Preparing netlist for logic optimization

Processing XDC Constraints
Initializing timing engine
Parsing XDC File [C:/Users/270212/Documents/stopwatch/stopwatch.srcs/constrs_1/imports/Downloads/stopwatch_nexys_a7.xdc]
Finished Parsing XDC File [C:/Users/270212/Documents/stopwatch/stopwatch.srcs/constrs_1/imports/Downloads/stopwatch_nexys_a7.xdc]
INFO: [Project 1-236] Implementation specific constraints were found while reading constraint file [C:/Users/270212/Documents/stopwatch/stopwatch.srcs/constrs_1/imports/Downloads/stopwatch_nexys_a7.xdc]. These constraints will be ignored for synthesis but will be used in implementation. Impacted constraints are listed in the file [.Xil/top_propImpl.xdc].
Resolution: To avoid this warning, move constraints listed in [.Xil/top_propImpl.xdc] to another XDC file and exclude this new file from synthesis with the used_in_synthesis property (File Properties dialog in GUI) and re-run elaboration/synthesis.
Completed Processing XDC Constraints

Netlist sorting complete. Time (s): cpu = 00:00:00 ; elapsed = 00:00:00.001 . Memory (MB): peak = 1476.723 ; gain = 0.000
INFO: [Project 1-111] Unisim Transformation Summary:
No Unisim elements were transformed.

Constraint Validation Runtime : Time (s): cpu = 00:00:00 ; elapsed = 00:00:00.006 . Memory (MB): peak = 1476.723 ; gain = 0.000
INFO: [Designutils 20-5440] No compile time benefit to using incremental synthesis; A full resynthesis will be run
INFO: [Designutils 20-4379] Flow is switching to default flow due to incremental criteria not met. If you would like to alter this behaviour and have the flow terminate instead, please set the following parameter config_implementation {autoIncr.Synth.RejectBehavior Terminate}
---------------------------------------------------------------------------------
Finished Constraint Validation : Time (s): cpu = 00:00:10 ; elapsed = 00:00:10 . Memory (MB): peak = 1476.723 ; gain = 726.043
---------------------------------------------------------------------------------
---------------------------------------------------------------------------------
Start Loading Part and Timing Information
---------------------------------------------------------------------------------
Loading part: xc7a50ticsg324-1L
---------------------------------------------------------------------------------
Finished Loading Part and Timing Information : Time (s): cpu = 00:00:10 ; elapsed = 00:00:10 . Memory (MB): peak = 1476.723 ; gain = 726.043
---------------------------------------------------------------------------------
---------------------------------------------------------------------------------
Start Applying 'set_property' XDC Constraints
---------------------------------------------------------------------------------
---------------------------------------------------------------------------------
Finished applying 'set_property' XDC Constraints : Time (s): cpu = 00:00:10 ; elapsed = 00:00:10 . Memory (MB): peak = 1476.723 ; gain = 726.043
---------------------------------------------------------------------------------
---------------------------------------------------------------------------------
Finished RTL Optimization Phase 2 : Time (s): cpu = 00:00:10 ; elapsed = 00:00:11 . Memory (MB): peak = 1476.723 ; gain = 726.043
---------------------------------------------------------------------------------
---------------------------------------------------------------------------------
Start RTL Component Statistics 
---------------------------------------------------------------------------------
Detailed RTL Component Info : 
+---Adders : 
	   2 Input    4 Bit       Adders := 4     
	   2 Input    3 Bit       Adders := 2     
	   3 Input    2 Bit       Adders := 1     
+---Registers : 
	               16 Bit    Registers := 5     
	                5 Bit    Registers := 1     
	                4 Bit    Registers := 4     
	                3 Bit    Registers := 4     
	                1 Bit    Registers := 43    
+---Muxes : 
	   2 Input    8 Bit        Muxes := 2     
	   2 Input    7 Bit        Muxes := 3     
	   4 Input    7 Bit        Muxes := 1     
	   2 Input    5 Bit        Muxes := 1     
	   2 Input    4 Bit        Muxes := 3     
	   2 Input    3 Bit        Muxes := 6     
	   2 Input    2 Bit        Muxes := 2     
	   2 Input    1 Bit        Muxes := 31    
	   5 Input    1 Bit        Muxes := 1     
	   6 Input    1 Bit        Muxes := 13    
	   9 Input    1 Bit        Muxes := 1     
	   8 Input    1 Bit        Muxes := 1     
---------------------------------------------------------------------------------
Finished RTL Component Statistics 
---------------------------------------------------------------------------------
---------------------------------------------------------------------------------
Start Part Resource Summary
---------------------------------------------------------------------------------
Part Resources:
DSPs: 120 (col length:60)
BRAMs: 150 (col length: RAMB18 60 RAMB36 30)
---------------------------------------------------------------------------------
Finished Part Resource Summary
---------------------------------------------------------------------------------
---------------------------------------------------------------------------------
Start Cross Boundary and Area Optimization
---------------------------------------------------------------------------------
WARNING: [Synth 8-3917] design top has port LED[15] driven by constant 0
WARNING: [Synth 8-3917] design top has port LED[14] driven by constant 0
WARNING: [Synth 8-3917] design top has port LED[13] driven by constant 0
WARNING: [Synth 8-3917] design top has port LED[12] driven by constant 0
WARNING: [Synth 8-3917] design top has port LED[11] driven by constant 0
WARNING: [Synth 8-3917] design top has port LED[10] driven by constant 0
WARNING: [Synth 8-3917] design top has port LED[9] driven by constant 0
WARNING: [Synth 8-3917] design top has port LED[8] driven by constant 0
WARNING: [Synth 8-3917] design top has port LED[7] driven by constant 0
WARNING: [Synth 8-3917] design top has port LED[6] driven by constant 0
WARNING: [Synth 8-3917] design top has port LED[5] driven by constant 0
WARNING: [Synth 8-7129] Port SW[15] in module top is either unconnected or has no load
WARNING: [Synth 8-7129] Port SW[14] in module top is either unconnected or has no load
WARNING: [Synth 8-7129] Port SW[13] in module top is either unconnected or has no load
WARNING: [Synth 8-7129] Port SW[12] in module top is either unconnected or has no load
WARNING: [Synth 8-7129] Port SW[11] in module top is either unconnected or has no load
WARNING: [Synth 8-7129] Port SW[10] in module top is either unconnected or has no load
WARNING: [Synth 8-7129] Port SW[9] in module top is either unconnected or has no load
WARNING: [Synth 8-7129] Port SW[8] in module top is either unconnected or has no load
WARNING: [Synth 8-7129] Port SW[7] in module top is either unconnected or has no load
WARNING: [Synth 8-7129] Port SW[6] in module top is either unconnected or has no load
WARNING: [Synth 8-7129] Port SW[5] in module top is either unconnected or has no load
---------------------------------------------------------------------------------
Finished Cross Boundary and Area Optimization : Time (s): cpu = 00:00:13 ; elapsed = 00:00:13 . Memory (MB): peak = 1491.191 ; gain = 740.512
---------------------------------------------------------------------------------
---------------------------------------------------------------------------------
Start Applying XDC Timing Constraints
---------------------------------------------------------------------------------
---------------------------------------------------------------------------------
Finished Applying XDC Timing Constraints : Time (s): cpu = 00:00:16 ; elapsed = 00:00:17 . Memory (MB): peak = 1615.520 ; gain = 864.840
---------------------------------------------------------------------------------
---------------------------------------------------------------------------------
Start Timing Optimization
---------------------------------------------------------------------------------
---------------------------------------------------------------------------------
Finished Timing Optimization : Time (s): cpu = 00:00:18 ; elapsed = 00:00:18 . Memory (MB): peak = 1670.672 ; gain = 919.992
---------------------------------------------------------------------------------
---------------------------------------------------------------------------------
Start Technology Mapping
---------------------------------------------------------------------------------
---------------------------------------------------------------------------------
Finished Technology Mapping : Time (s): cpu = 00:00:18 ; elapsed = 00:00:18 . Memory (MB): peak = 1670.672 ; gain = 919.992
---------------------------------------------------------------------------------
---------------------------------------------------------------------------------
Start IO Insertion
---------------------------------------------------------------------------------
---------------------------------------------------------------------------------
Start Flattening Before IO Insertion
---------------------------------------------------------------------------------
---------------------------------------------------------------------------------
Finished Flattening Before IO Insertion
---------------------------------------------------------------------------------
---------------------------------------------------------------------------------
Start Final Netlist Cleanup
---------------------------------------------------------------------------------
---------------------------------------------------------------------------------
Finished Final Netlist Cleanup
---------------------------------------------------------------------------------
---------------------------------------------------------------------------------
Finished IO Insertion : Time (s): cpu = 00:00:20 ; elapsed = 00:00:21 . Memory (MB): peak = 1883.340 ; gain = 1132.660
---------------------------------------------------------------------------------
---------------------------------------------------------------------------------
Start Renaming Generated Instances
---------------------------------------------------------------------------------
---------------------------------------------------------------------------------
Finished Renaming Generated Instances : Time (s): cpu = 00:00:20 ; elapsed = 00:00:21 . Memory (MB): peak = 1883.340 ; gain = 1132.660
---------------------------------------------------------------------------------
---------------------------------------------------------------------------------
Start Rebuilding User Hierarchy
---------------------------------------------------------------------------------
---------------------------------------------------------------------------------
Finished Rebuilding User Hierarchy : Time (s): cpu = 00:00:20 ; elapsed = 00:00:21 . Memory (MB): peak = 1883.340 ; gain = 1132.660
---------------------------------------------------------------------------------
---------------------------------------------------------------------------------
Start Renaming Generated Ports
---------------------------------------------------------------------------------
---------------------------------------------------------------------------------
Finished Renaming Generated Ports : Time (s): cpu = 00:00:20 ; elapsed = 00:00:21 . Memory (MB): peak = 1883.340 ; gain = 1132.660
---------------------------------------------------------------------------------
---------------------------------------------------------------------------------
Start Handling Custom Attributes
---------------------------------------------------------------------------------
---------------------------------------------------------------------------------
Finished Handling Custom Attributes : Time (s): cpu = 00:00:20 ; elapsed = 00:00:21 . Memory (MB): peak = 1883.340 ; gain = 1132.660
---------------------------------------------------------------------------------
---------------------------------------------------------------------------------
Start Renaming Generated Nets
---------------------------------------------------------------------------------
---------------------------------------------------------------------------------
Finished Renaming Generated Nets : Time (s): cpu = 00:00:20 ; elapsed = 00:00:21 . Memory (MB): peak = 1883.340 ; gain = 1132.660
---------------------------------------------------------------------------------
---------------------------------------------------------------------------------
Start Writing Synthesis Report
---------------------------------------------------------------------------------

Report BlackBoxes: 
+-+--------------+----------+
| |BlackBox name |Instances |
+-+--------------+----------+
+-+--------------+----------+

Report Cell Usage: 
+------+-------+------+
|      |Cell   |Count |
+------+-------+------+
|1     |BUFG   |     1|
|2     |CARRY4 |    66|
|3     |LUT1   |    17|
|4     |LUT2   |    16|
|5     |LUT3   |    30|
|6     |LUT4   |    78|
|7     |LUT5   |    70|
|8     |LUT6   |   149|
|9     |MUXF7  |     1|
|10    |FDRE   |   391|
|11    |IBUF   |    11|
|12    |OBUF   |    35|
+------+-------+------+
---------------------------------------------------------------------------------
Finished Writing Synthesis Report : Time (s): cpu = 00:00:20 ; elapsed = 00:00:21 . Memory (MB): peak = 1883.340 ; gain = 1132.660
---------------------------------------------------------------------------------
Synthesis finished with 0 errors, 0 critical warnings and 22 warnings.
Synthesis Optimization Runtime : Time (s): cpu = 00:00:14 ; elapsed = 00:00:20 . Memory (MB): peak = 1883.340 ; gain = 1072.832
Synthesis Optimization Complete : Time (s): cpu = 00:00:20 ; elapsed = 00:00:21 . Memory (MB): peak = 1883.340 ; gain = 1132.660
INFO: [Project 1-571] Translating synthesized netlist
Netlist sorting complete. Time (s): cpu = 00:00:00 ; elapsed = 00:00:00.007 . Memory (MB): peak = 1889.289 ; gain = 0.000
INFO: [Netlist 29-17] Analyzing 67 Unisim elements for replacement
INFO: [Netlist 29-28] Unisim Transformation completed in 0 CPU seconds
INFO: [Project 1-570] Preparing netlist for logic optimization
INFO: [Opt 31-138] Pushed 0 inverter(s) to 0 load pin(s).
Netlist sorting complete. Time (s): cpu = 00:00:00 ; elapsed = 00:00:00 . Memory (MB): peak = 1893.012 ; gain = 0.000
INFO: [Project 1-111] Unisim Transformation Summary:
No Unisim elements were transformed.

Synth Design complete | Checksum: ae117398
INFO: [Common 17-83] Releasing license: Synthesis
50 Infos, 46 Warnings, 0 Critical Warnings and 0 Errors encountered.
synth_design completed successfully
synth_design: Time (s): cpu = 00:00:23 ; elapsed = 00:00:25 . Memory (MB): peak = 1893.012 ; gain = 1326.082
Write ShapeDB Complete: Time (s): cpu = 00:00:00 ; elapsed = 00:00:00.001 . Memory (MB): peak = 1893.012 ; gain = 0.000
INFO: [Common 17-1381] The checkpoint 'C:/Users/270212/Documents/stopwatch/stopwatch.runs/synth_1/top.dcp' has been generated.
INFO: [Vivado 12-24828] Executing command : report_utilization -file top_utilization_synth.rpt -pb top_utilization_synth.pb
INFO: [Common 17-206] Exiting Vivado at Thu Apr 16 18:37:48 2026...
