Copyright 1986-2022 Xilinx, Inc. All Rights Reserved. Copyright 2022-2025 Advanced Micro Devices, Inc. All Rights Reserved.
---------------------------------------------------------------------------------------------------------------------------------------------
| Tool Version : Vivado v.2025.2 (win64) Build 6299465 Fri Nov 14 19:35:11 GMT 2025
| Date         : Thu Apr 16 18:38:14 2026
| Host         : PC-711 running 64-bit major release  (build 9200)
| Command      : report_control_sets -verbose -file top_control_sets_placed.rpt
| Design       : top
| Device       : xc7a50ti
---------------------------------------------------------------------------------------------------------------------------------------------

Control Set Information

Table of Contents
-----------------
1. Summary
2. Histogram
3. Flip-Flop Distribution
4. Detailed Control Set Information

1. Summary
----------

+----------------------------------------------------------+-------+
|                          Status                          | Count |
+----------------------------------------------------------+-------+
| Total control sets                                       |    26 |
|    Minimum number of control sets                        |    26 |
|    Addition due to synthesis replication                 |     0 |
|    Addition due to physical synthesis replication        |     0 |
| Unused register locations in slices containing registers |   113 |
+----------------------------------------------------------+-------+
* Control sets can be merged at opt_design using control_set_merge or merge_equivalent_drivers
** Run report_qor_suggestions for automated merging and remapping suggestions


2. Histogram
------------

+--------------------+-------+
|       Fanout       | Count |
+--------------------+-------+
| Total control sets |    26 |
| >= 0 to < 4        |     3 |
| >= 4 to < 6        |     4 |
| >= 6 to < 8        |     0 |
| >= 8 to < 10       |     0 |
| >= 10 to < 12      |     0 |
| >= 12 to < 14      |     0 |
| >= 14 to < 16      |     0 |
| >= 16              |    19 |
+--------------------+-------+
* Control sets can be remapped at either synth_design or opt_design


3. Flip-Flop Distribution
-------------------------

+--------------+-----------------------+------------------------+-----------------+--------------+
| Clock Enable | Synchronous Set/Reset | Asynchronous Set/Reset | Total Registers | Total Slices |
+--------------+-----------------------+------------------------+-----------------+--------------+
| No           | No                    | No                     |              25 |           10 |
| No           | No                    | Yes                    |               0 |            0 |
| No           | Yes                   | No                     |             265 |           82 |
| Yes          | No                    | No                     |               0 |            0 |
| Yes          | No                    | Yes                    |               0 |            0 |
| Yes          | Yes                   | No                     |             101 |           52 |
+--------------+-----------------------+------------------------+-----------------+--------------+


4. Detailed Control Set Information
-----------------------------------

+----------------------+---------------------------------+--------------------------------+------------------+----------------+--------------+
|     Clock Signal     |          Enable Signal          |        Set/Reset Signal        | Slice Load Count | Bel Load Count | Bels / Slice |
+----------------------+---------------------------------+--------------------------------+------------------+----------------+--------------+
|  CLK100MHZ_IBUF_BUFG | u_lap_mem/saved_mask[2]_i_1_n_0 | u_ctrl/SR[0]                   |                1 |              1 |         1.00 |
|  CLK100MHZ_IBUF_BUFG | u_lap_mem/saved_mask[3]_i_1_n_0 | u_ctrl/SR[0]                   |                1 |              1 |         1.00 |
|  CLK100MHZ_IBUF_BUFG | u_lap_mem/saved_mask[4]_i_2_n_0 | u_ctrl/SR[0]                   |                1 |              1 |         1.00 |
|  CLK100MHZ_IBUF_BUFG | u_counter/r_cs_u0               | u_ctrl/state_reg[0]_1[0]       |                1 |              4 |         4.00 |
|  CLK100MHZ_IBUF_BUFG | u_counter/r_sec_u[0]            | u_ctrl/state_reg[0]_1[0]       |                2 |              4 |         2.00 |
|  CLK100MHZ_IBUF_BUFG | u_counter/r_cs_t[0]             | u_ctrl/state_reg[0]_1[0]       |                2 |              4 |         2.00 |
|  CLK100MHZ_IBUF_BUFG | u_counter/r_sec_t[0]            | u_ctrl/state_reg[0]_1[0]       |                1 |              4 |         4.00 |
|  CLK100MHZ_IBUF_BUFG | u_lap_mem/mem[4]_2[0]           | u_ctrl/SR[0]                   |               10 |             16 |         1.60 |
|  CLK100MHZ_IBUF_BUFG | u_lap_mem/mem[2]_0[0]           | u_ctrl/SR[0]                   |                7 |             16 |         2.29 |
|  CLK100MHZ_IBUF_BUFG | u_lap_mem/mem[3]_1[0]           | u_ctrl/SR[0]                   |                9 |             16 |         1.78 |
|  CLK100MHZ_IBUF_BUFG |                                 | u_display/mux_cnt[0]_i_1_n_0   |                5 |             17 |         3.40 |
|  CLK100MHZ_IBUF_BUFG | u_lap_mem/saved_mask[1]_i_1_n_0 | u_ctrl/SR[0]                   |                8 |             17 |         2.12 |
|  CLK100MHZ_IBUF_BUFG | u_lap_mem/saved_mask[0]_i_1_n_0 | u_ctrl/SR[0]                   |                9 |             17 |         1.89 |
|  CLK100MHZ_IBUF_BUFG |                                 | u_deb_sw0/cnt[0]_i_1__3_n_0    |                5 |             19 |         3.80 |
|  CLK100MHZ_IBUF_BUFG |                                 | u_deb_sw1/cnt[0]_i_1__4_n_0    |                5 |             19 |         3.80 |
|  CLK100MHZ_IBUF_BUFG |                                 | u_deb_sw2/cnt[0]_i_1__5_n_0    |                5 |             19 |         3.80 |
|  CLK100MHZ_IBUF_BUFG |                                 | u_deb_sw3/cnt[0]_i_1__6_n_0    |                5 |             19 |         3.80 |
|  CLK100MHZ_IBUF_BUFG |                                 | u_deb_sw4/cnt[0]_i_1__7_n_0    |                5 |             19 |         3.80 |
|  CLK100MHZ_IBUF_BUFG |                                 | u_ctrl/state_reg[1]_1          |                5 |             20 |         4.00 |
|  CLK100MHZ_IBUF_BUFG |                                 | u_deb_r/cnt[0]_i_1__1_n_0      |                6 |             21 |         3.50 |
|  CLK100MHZ_IBUF_BUFG |                                 | u_deb_c/cnt[0]_i_1__0_n_0      |                6 |             21 |         3.50 |
|  CLK100MHZ_IBUF_BUFG |                                 | u_deb_d/cnt[0]_i_1__2_n_0      |                6 |             21 |         3.50 |
|  CLK100MHZ_IBUF_BUFG |                                 | u_deb_l/cnt[0]_i_1_n_0         |                6 |             21 |         3.50 |
|  CLK100MHZ_IBUF_BUFG |                                 | u_ctrl/CPU_RESETN              |               16 |             24 |         1.50 |
|  CLK100MHZ_IBUF_BUFG |                                 |                                |               10 |             25 |         2.50 |
|  CLK100MHZ_IBUF_BUFG |                                 | u_display/blink_cnt[0]_i_1_n_0 |                7 |             25 |         3.57 |
+----------------------+---------------------------------+--------------------------------+------------------+----------------+--------------+


